<html>
<head>
<title>TestNG:  Surefire test</title>
<link href="../testng.css" rel="stylesheet" type="text/css" />
<link href="../my-testng.css" rel="stylesheet" type="text/css" />

<style type="text/css">
.log { display: none;} 
.stack-trace { display: none;} 
</style>
<script type="text/javascript">
<!--
function flip(e) {
  current = e.style.display;
  if (current == 'block') {
    e.style.display = 'none';
    return 0;
  }
  else {
    e.style.display = 'block';
    return 1;
  }
}

function toggleBox(szDivId, elem, msg1, msg2)
{
  var res = -1;  if (document.getElementById) {
    res = flip(document.getElementById(szDivId));
  }
  else if (document.all) {
    // this is the way old msie versions work
    res = flip(document.all[szDivId]);
  }
  if(elem) {
    if(res == 0) elem.innerHTML = msg1; else elem.innerHTML = msg2;
  }

}

function toggleAllBoxes() {
  if (document.getElementsByTagName) {
    d = document.getElementsByTagName('div');
    for (i = 0; i < d.length; i++) {
      if (d[i].className == 'log') {
        flip(d[i]);
      }
    }
  }
}

// -->
</script>

</head>
<body>
<h2 align='center'>Surefire test</h2><table border='1' align="center">
<tr>
<td>Tests passed/Failed/Skipped:</td><td>13/1/0</td>
</tr><tr>
<td>Started on:</td><td>Thu Nov 20 00:57:38 GMT 2025</td>
</tr>
<tr><td>Total time:</td><td>10 seconds (10551 ms)</td>
</tr><tr>
<td>Included groups:</td><td></td>
</tr><tr>
<td>Excluded groups:</td><td></td>
</tr>
</table><p/>
<small><i>(Hover the method name to see the test class name)</i></small><p/>
<table width='100%' border='1' class='invocation-failed'>
<tr><td colspan='4' align='center'><b>FAILED TESTS</b></td></tr>
<tr><td><b>Test method</b></td>
<td><b>Attribute(s)</b></td>
<td width="30%"><b>Exception</b></td>
<td width="10%"><b>Time (seconds)</b></td>
<td><b>Instance</b></td>
</tr>
<tr>
<td title='runners.TestRunner.runScenario()'><b>runScenario</b><br>Test class: runners.TestRunner<br>Test method: Runs Cucumber Scenarios<br>Parameters: "Post to Create/Register user Account", "User Account"</td>
<td><div><pre>java.lang.AssertionError: Failed to create user expected [201] but found [400]
	at stepDefinitions.UserAccountSteps.verifyUserIsCreatedSuccessfully(UserAccountSteps.java:81)
	at ✽.Verify user is created successfully(file:///Users/rahulbalashanmugam/eclipse-workspace/Learning/RESTAssured-API-Automation-Testing/src/test/java/features/userAccounts.feature:8)
... Removed 6 stack frames</pre></div><a href='#' onClick='toggleBox("stack-trace1773267192", this, "Click to show all stack frames", "Click to hide stack frames")'>Click to show all stack frames</a>
<div class='stack-trace' id='stack-trace1773267192'><pre>java.lang.AssertionError: Failed to create user expected [201] but found [400]
	at org.testng.Assert.fail(Assert.java:111)
	at org.testng.Assert.failNotEquals(Assert.java:1578)
	at org.testng.Assert.assertEqualsImpl(Assert.java:150)
	at org.testng.Assert.assertEquals(Assert.java:132)
	at org.testng.Assert.assertEquals(Assert.java:1419)
	at org.testng.Assert.assertEquals(Assert.java:1383)
	at stepDefinitions.UserAccountSteps.verifyUserIsCreatedSuccessfully(UserAccountSteps.java:81)
	at ✽.Verify user is created successfully(file:///Users/rahulbalashanmugam/eclipse-workspace/Learning/RESTAssured-API-Automation-Testing/src/test/java/features/userAccounts.feature:8)
</pre></div></td>
<td>0</td>
<td>runners.TestRunner@4278a03f</td></tr>
</table><p>
<table width='100%' border='1' class='invocation-passed'>
<tr><td colspan='4' align='center'><b>PASSED TESTS</b></td></tr>
<tr><td><b>Test method</b></td>
<td><b>Attribute(s)</b></td>
<td width="30%"><b>Exception</b></td>
<td width="10%"><b>Time (seconds)</b></td>
<td><b>Instance</b></td>
</tr>
<tr>
<td title='runners.TestRunner.runScenario()'><b>runScenario</b><br>Test class: runners.TestRunner<br>Test method: Runs Cucumber Scenarios<br>Parameters: "POST to search product", "Product API"</td>
<td></td>
<td>0</td>
<td>runners.TestRunner@4278a03f</td></tr>
<tr>
<td title='runners.TestRunner.runScenario()'><b>runScenario</b><br>Test class: runners.TestRunner<br>Test method: Runs Cucumber Scenarios<br>Parameters: "POST to all products list", "Product API"</td>
<td></td>
<td>0</td>
<td>runners.TestRunner@4278a03f</td></tr>
<tr>
<td title='runners.TestRunner.runScenario()'><b>runScenario</b><br>Test class: runners.TestRunner<br>Test method: Runs Cucumber Scenarios<br>Parameters: "POST to search product without search product", "Product API"</td>
<td></td>
<td>0</td>
<td>runners.TestRunner@4278a03f</td></tr>
<tr>
<td title='runners.TestRunner.runScenario()'><b>runScenario</b><br>Test class: runners.TestRunner<br>Test method: Runs Cucumber Scenarios<br>Parameters: "POST without email to verify error", "Login API"</td>
<td></td>
<td>0</td>
<td>runners.TestRunner@4278a03f</td></tr>
<tr>
<td title='runners.TestRunner.runScenario()'><b>runScenario</b><br>Test class: runners.TestRunner<br>Test method: Runs Cucumber Scenarios<br>Parameters: "POST to verify login with valid details", "Login API"</td>
<td></td>
<td>0</td>
<td>runners.TestRunner@4278a03f</td></tr>
<tr>
<td title='runners.TestRunner.runScenario()'><b>runScenario</b><br>Test class: runners.TestRunner<br>Test method: Runs Cucumber Scenarios<br>Parameters: "Update the brand list", "Brand API"</td>
<td></td>
<td>0</td>
<td>runners.TestRunner@4278a03f</td></tr>
<tr>
<td title='runners.TestRunner.runScenario()'><b>runScenario</b><br>Test class: runners.TestRunner<br>Test method: Runs Cucumber Scenarios<br>Parameters: "Get all products list", "Product API"</td>
<td></td>
<td>0</td>
<td>runners.TestRunner@4278a03f</td></tr>
<tr>
<td title='runners.TestRunner.runScenario()'><b>runScenario</b><br>Test class: runners.TestRunner<br>Test method: Runs Cucumber Scenarios<br>Parameters: "Get user account detail by email", "User Account"</td>
<td></td>
<td>0</td>
<td>runners.TestRunner@4278a03f</td></tr>
<tr>
<td title='runners.TestRunner.runScenario()'><b>runScenario</b><br>Test class: runners.TestRunner<br>Test method: Runs Cucumber Scenarios<br>Parameters: "Get all brand list", "Brand API"</td>
<td></td>
<td>1</td>
<td>runners.TestRunner@4278a03f</td></tr>
<tr>
<td title='runners.TestRunner.runScenario()'><b>runScenario</b><br>Test class: runners.TestRunner<br>Test method: Runs Cucumber Scenarios<br>Parameters: "Update the user account", "User Account"</td>
<td></td>
<td>1</td>
<td>runners.TestRunner@4278a03f</td></tr>
<tr>
<td title='runners.TestRunner.runScenario()'><b>runScenario</b><br>Test class: runners.TestRunner<br>Test method: Runs Cucumber Scenarios<br>Parameters: "POST to verify login with valid details", "Login API"</td>
<td></td>
<td>0</td>
<td>runners.TestRunner@4278a03f</td></tr>
<tr>
<td title='runners.TestRunner.runScenario()'><b>runScenario</b><br>Test class: runners.TestRunner<br>Test method: Runs Cucumber Scenarios<br>Parameters: "DELETE to verify login", "Login API"</td>
<td></td>
<td>0</td>
<td>runners.TestRunner@4278a03f</td></tr>
<tr>
<td title='runners.TestRunner.runScenario()'><b>runScenario</b><br>Test class: runners.TestRunner<br>Test method: Runs Cucumber Scenarios<br>Parameters: "Delete a registered user account", "User Account"</td>
<td></td>
<td>0</td>
<td>runners.TestRunner@4278a03f</td></tr>
</table><p>
</body>
</html>