<?xml version="1.0" encoding="UTF-8"?>
<testng-results ignored="0" total="14" passed="13" failed="1" skipped="0">
  <reporter-output>
  </reporter-output>
  <suite started-at="2025-11-20T00:57:38 GMT" name="Surefire suite" finished-at="2025-11-20T00:57:49 GMT" duration-ms="10551">
    <groups>
      <group name="cucumber">
        <method signature="AbstractTestNGCucumberTests.runScenario(io.cucumber.testng.PickleWrapper,io.cucumber.testng.FeatureWrapper)[pri:0, instance:runners.TestRunner@4278a03f]" name="runScenario" class="io.cucumber.testng.AbstractTestNGCucumberTests"/>
      </group> <!-- cucumber -->
    </groups>
    <test started-at="2025-11-20T00:57:38 GMT" name="Surefire test" finished-at="2025-11-20T00:57:49 GMT" duration-ms="10551">
      <class name="runners.TestRunner">
        <test-method is-config="true" signature="setUpClass(org.testng.ITestContext)[pri:0, instance:runners.TestRunner@4278a03f]" started-at="2025-11-20T00:57:38 GMT" name="setUpClass" finished-at="2025-11-20T00:57:39 GMT" duration-ms="365" status="PASS">
          <params>
            <param index="0">
              <value>
                <![CDATA[org.testng.TestRunner@5b715ea]]>
              </value>
            </param>
          </params>
          <reporter-output>
          </reporter-output>
        </test-method> <!-- setUpClass -->
        <test-method signature="runScenario(io.cucumber.testng.PickleWrapper,io.cucumber.testng.FeatureWrapper)[pri:0, instance:runners.TestRunner@4278a03f]" started-at="2025-11-20T00:57:39 GMT" name="runScenario" description="Runs Cucumber Scenarios" data-provider="scenarios" finished-at="2025-11-20T00:57:40 GMT" duration-ms="1694" status="PASS">
          <params>
            <param index="0">
              <value>
                <![CDATA["Get all brand list"]]>
              </value>
            </param>
            <param index="1">
              <value>
                <![CDATA["Brand API"]]>
              </value>
            </param>
          </params>
          <reporter-output>
          </reporter-output>
        </test-method> <!-- runScenario -->
        <test-method signature="runScenario(io.cucumber.testng.PickleWrapper,io.cucumber.testng.FeatureWrapper)[pri:0, instance:runners.TestRunner@4278a03f]" started-at="2025-11-20T00:57:40 GMT" name="runScenario" description="Runs Cucumber Scenarios" data-provider="scenarios" finished-at="2025-11-20T00:57:41 GMT" duration-ms="952" status="PASS">
          <params>
            <param index="0">
              <value>
                <![CDATA["Update the brand list"]]>
              </value>
            </param>
            <param index="1">
              <value>
                <![CDATA["Brand API"]]>
              </value>
            </param>
          </params>
          <reporter-output>
          </reporter-output>
        </test-method> <!-- runScenario -->
        <test-method signature="runScenario(io.cucumber.testng.PickleWrapper,io.cucumber.testng.FeatureWrapper)[pri:0, instance:runners.TestRunner@4278a03f]" started-at="2025-11-20T00:57:41 GMT" name="runScenario" description="Runs Cucumber Scenarios" data-provider="scenarios" finished-at="2025-11-20T00:57:42 GMT" duration-ms="701" status="PASS">
          <params>
            <param index="0">
              <value>
                <![CDATA["POST to verify login with valid details"]]>
              </value>
            </param>
            <param index="1">
              <value>
                <![CDATA["Login API"]]>
              </value>
            </param>
          </params>
          <reporter-output>
          </reporter-output>
        </test-method> <!-- runScenario -->
        <test-method signature="runScenario(io.cucumber.testng.PickleWrapper,io.cucumber.testng.FeatureWrapper)[pri:0, instance:runners.TestRunner@4278a03f]" started-at="2025-11-20T00:57:42 GMT" name="runScenario" description="Runs Cucumber Scenarios" data-provider="scenarios" finished-at="2025-11-20T00:57:43 GMT" duration-ms="750" status="PASS">
          <params>
            <param index="0">
              <value>
                <![CDATA["POST without email to verify error"]]>
              </value>
            </param>
            <param index="1">
              <value>
                <![CDATA["Login API"]]>
              </value>
            </param>
          </params>
          <reporter-output>
          </reporter-output>
        </test-method> <!-- runScenario -->
        <test-method signature="runScenario(io.cucumber.testng.PickleWrapper,io.cucumber.testng.FeatureWrapper)[pri:0, instance:runners.TestRunner@4278a03f]" started-at="2025-11-20T00:57:43 GMT" name="runScenario" description="Runs Cucumber Scenarios" data-provider="scenarios" finished-at="2025-11-20T00:57:43 GMT" duration-ms="628" status="PASS">
          <params>
            <param index="0">
              <value>
                <![CDATA["DELETE to verify login"]]>
              </value>
            </param>
            <param index="1">
              <value>
                <![CDATA["Login API"]]>
              </value>
            </param>
          </params>
          <reporter-output>
          </reporter-output>
        </test-method> <!-- runScenario -->
        <test-method signature="runScenario(io.cucumber.testng.PickleWrapper,io.cucumber.testng.FeatureWrapper)[pri:0, instance:runners.TestRunner@4278a03f]" started-at="2025-11-20T00:57:43 GMT" name="runScenario" description="Runs Cucumber Scenarios" data-provider="scenarios" finished-at="2025-11-20T00:57:44 GMT" duration-ms="239" status="PASS">
          <params>
            <param index="0">
              <value>
                <![CDATA["POST to verify login with valid details"]]>
              </value>
            </param>
            <param index="1">
              <value>
                <![CDATA["Login API"]]>
              </value>
            </param>
          </params>
          <reporter-output>
          </reporter-output>
        </test-method> <!-- runScenario -->
        <test-method signature="runScenario(io.cucumber.testng.PickleWrapper,io.cucumber.testng.FeatureWrapper)[pri:0, instance:runners.TestRunner@4278a03f]" started-at="2025-11-20T00:57:44 GMT" name="runScenario" description="Runs Cucumber Scenarios" data-provider="scenarios" finished-at="2025-11-20T00:57:45 GMT" duration-ms="790" status="PASS">
          <params>
            <param index="0">
              <value>
                <![CDATA["Get all products list"]]>
              </value>
            </param>
            <param index="1">
              <value>
                <![CDATA["Product API"]]>
              </value>
            </param>
          </params>
          <reporter-output>
          </reporter-output>
        </test-method> <!-- runScenario -->
        <test-method signature="runScenario(io.cucumber.testng.PickleWrapper,io.cucumber.testng.FeatureWrapper)[pri:0, instance:runners.TestRunner@4278a03f]" started-at="2025-11-20T00:57:45 GMT" name="runScenario" description="Runs Cucumber Scenarios" data-provider="scenarios" finished-at="2025-11-20T00:57:45 GMT" duration-ms="231" status="PASS">
          <params>
            <param index="0">
              <value>
                <![CDATA["POST to all products list"]]>
              </value>
            </param>
            <param index="1">
              <value>
                <![CDATA["Product API"]]>
              </value>
            </param>
          </params>
          <reporter-output>
          </reporter-output>
        </test-method> <!-- runScenario -->
        <test-method signature="runScenario(io.cucumber.testng.PickleWrapper,io.cucumber.testng.FeatureWrapper)[pri:0, instance:runners.TestRunner@4278a03f]" started-at="2025-11-20T00:57:45 GMT" name="runScenario" description="Runs Cucumber Scenarios" data-provider="scenarios" finished-at="2025-11-20T00:57:45 GMT" duration-ms="680" status="PASS">
          <params>
            <param index="0">
              <value>
                <![CDATA["POST to search product"]]>
              </value>
            </param>
            <param index="1">
              <value>
                <![CDATA["Product API"]]>
              </value>
            </param>
          </params>
          <reporter-output>
          </reporter-output>
        </test-method> <!-- runScenario -->
        <test-method signature="runScenario(io.cucumber.testng.PickleWrapper,io.cucumber.testng.FeatureWrapper)[pri:0, instance:runners.TestRunner@4278a03f]" started-at="2025-11-20T00:57:45 GMT" name="runScenario" description="Runs Cucumber Scenarios" data-provider="scenarios" finished-at="2025-11-20T00:57:46 GMT" duration-ms="711" status="PASS">
          <params>
            <param index="0">
              <value>
                <![CDATA["POST to search product without search product"]]>
              </value>
            </param>
            <param index="1">
              <value>
                <![CDATA["Product API"]]>
              </value>
            </param>
          </params>
          <reporter-output>
          </reporter-output>
        </test-method> <!-- runScenario -->
        <test-method signature="runScenario(io.cucumber.testng.PickleWrapper,io.cucumber.testng.FeatureWrapper)[pri:0, instance:runners.TestRunner@4278a03f]" started-at="2025-11-20T00:57:46 GMT" name="runScenario" description="Runs Cucumber Scenarios" data-provider="scenarios" finished-at="2025-11-20T00:57:47 GMT" duration-ms="895" status="FAIL">
          <params>
            <param index="0">
              <value>
                <![CDATA["Post to Create/Register user Account"]]>
              </value>
            </param>
            <param index="1">
              <value>
                <![CDATA["User Account"]]>
              </value>
            </param>
          </params>
          <exception class="java.lang.AssertionError">
            <message>
              <![CDATA[Failed to create user expected [201] but found [400]]]>
            </message>
            <full-stacktrace>
              <![CDATA[java.lang.AssertionError: Failed to create user expected [201] but found [400]
at org.testng.Assert.fail(Assert.java:111)
at org.testng.Assert.failNotEquals(Assert.java:1578)
at org.testng.Assert.assertEqualsImpl(Assert.java:150)
at org.testng.Assert.assertEquals(Assert.java:132)
at org.testng.Assert.assertEquals(Assert.java:1419)
at org.testng.Assert.assertEquals(Assert.java:1383)
at stepDefinitions.UserAccountSteps.verifyUserIsCreatedSuccessfully(UserAccountSteps.java:81)
at âœ½.Verify user is created successfully(file:///Users/rahulbalashanmugam/eclipse-workspace/Learning/RESTAssured-API-Automation-Testing/src/test/java/features/userAccounts.feature:8)
]]>
            </full-stacktrace>
          </exception> <!-- java.lang.AssertionError -->
          <reporter-output>
          </reporter-output>
        </test-method> <!-- runScenario -->
        <test-method signature="runScenario(io.cucumber.testng.PickleWrapper,io.cucumber.testng.FeatureWrapper)[pri:0, instance:runners.TestRunner@4278a03f]" started-at="2025-11-20T00:57:47 GMT" name="runScenario" description="Runs Cucumber Scenarios" data-provider="scenarios" finished-at="2025-11-20T00:57:48 GMT" duration-ms="1064" status="PASS">
          <params>
            <param index="0">
              <value>
                <![CDATA["Update the user account"]]>
              </value>
            </param>
            <param index="1">
              <value>
                <![CDATA["User Account"]]>
              </value>
            </param>
          </params>
          <reporter-output>
          </reporter-output>
        </test-method> <!-- runScenario -->
        <test-method signature="runScenario(io.cucumber.testng.PickleWrapper,io.cucumber.testng.FeatureWrapper)[pri:0, instance:runners.TestRunner@4278a03f]" started-at="2025-11-20T00:57:48 GMT" name="runScenario" description="Runs Cucumber Scenarios" data-provider="scenarios" finished-at="2025-11-20T00:57:48 GMT" duration-ms="348" status="PASS">
          <params>
            <param index="0">
              <value>
                <![CDATA["Get user account detail by email"]]>
              </value>
            </param>
            <param index="1">
              <value>
                <![CDATA["User Account"]]>
              </value>
            </param>
          </params>
          <reporter-output>
          </reporter-output>
        </test-method> <!-- runScenario -->
        <test-method signature="runScenario(io.cucumber.testng.PickleWrapper,io.cucumber.testng.FeatureWrapper)[pri:0, instance:runners.TestRunner@4278a03f]" started-at="2025-11-20T00:57:48 GMT" name="runScenario" description="Runs Cucumber Scenarios" data-provider="scenarios" finished-at="2025-11-20T00:57:49 GMT" duration-ms="454" status="PASS">
          <params>
            <param index="0">
              <value>
                <![CDATA["Delete a registered user account"]]>
              </value>
            </param>
            <param index="1">
              <value>
                <![CDATA["User Account"]]>
              </value>
            </param>
          </params>
          <reporter-output>
          </reporter-output>
        </test-method> <!-- runScenario -->
        <test-method is-config="true" signature="tearDownClass()[pri:0, instance:runners.TestRunner@4278a03f]" started-at="2025-11-20T00:57:49 GMT" name="tearDownClass" finished-at="2025-11-20T00:57:49 GMT" duration-ms="21" status="PASS">
          <reporter-output>
          </reporter-output>
        </test-method> <!-- tearDownClass -->
      </class> <!-- runners.TestRunner -->
    </test> <!-- Surefire test -->
  </suite> <!-- Surefire suite -->
</testng-results>
