<?xml version="1.0" encoding="UTF-8"?>
<!-- Generated by org.testng.reporters.JUnitReportReporter -->
<testsuite hostname="Rahuls-MacBook-Pro.local" failures="1" tests="14" name="runners.TestRunner" time="10.137" errors="0" timestamp="2025-11-20T00:57:49 GMT" skipped="0">
  <testcase classname="runners.TestRunner" name="runScenario" time="0.680"/>
  <testcase classname="runners.TestRunner" name="runScenario" time="0.231"/>
  <testcase classname="runners.TestRunner" name="runScenario" time="0.711"/>
  <testcase classname="runners.TestRunner" name="runScenario" time="0.750"/>
  <testcase classname="runners.TestRunner" name="runScenario" time="0.895">
    <failure message="Failed to create user expected [201] but found [400]" type="java.lang.AssertionError">
      <![CDATA[java.lang.AssertionError: Failed to create user expected [201] but found [400]
at org.testng.Assert.fail(Assert.java:111)
at org.testng.Assert.failNotEquals(Assert.java:1578)
at org.testng.Assert.assertEqualsImpl(Assert.java:150)
at org.testng.Assert.assertEquals(Assert.java:132)
at org.testng.Assert.assertEquals(Assert.java:1419)
at org.testng.Assert.assertEquals(Assert.java:1383)
at stepDefinitions.UserAccountSteps.verifyUserIsCreatedSuccessfully(UserAccountSteps.java:81)
at âœ½.Verify user is created successfully(file:///Users/rahulbalashanmugam/eclipse-workspace/Learning/RESTAssured-API-Automation-Testing/src/test/java/features/userAccounts.feature:8)
]]>
    </failure>
  </testcase> <!-- runScenario -->
  <testcase classname="runners.TestRunner" name="runScenario" time="0.239"/>
  <testcase classname="runners.TestRunner" name="runScenario" time="0.952"/>
  <testcase classname="runners.TestRunner" name="runScenario" time="0.790"/>
  <testcase classname="runners.TestRunner" name="runScenario" time="0.348"/>
  <testcase classname="runners.TestRunner" name="runScenario" time="1.694"/>
  <testcase classname="runners.TestRunner" name="runScenario" time="1.064"/>
  <testcase classname="runners.TestRunner" name="runScenario" time="0.701"/>
  <testcase classname="runners.TestRunner" name="runScenario" time="0.628"/>
  <testcase classname="runners.TestRunner" name="runScenario" time="0.454"/>
</testsuite> <!-- runners.TestRunner -->
